<?xml version="1.0" encoding="UTF-8"?>
<testng-results ignored="0" total="60" passed="59" failed="1" skipped="0">
  <reporter-output>
    <line>
      <![CDATA[Logined succussfully]]>
    </line>
  </reporter-output>
  <suite started-at="2023-09-11T22:48:01 IST" name="Suite" finished-at="2023-09-11T22:50:24 IST" duration-ms="143468">
    <groups>
    </groups>
    <test started-at="2023-09-11T22:48:01 IST" name="Test" finished-at="2023-09-11T22:50:24 IST" duration-ms="143468">
      <class name="com.qe.project.testcases.Sign_InTest">
        <test-method is-config="true" signature="setUp()[pri:0, instance:com.qe.project.testcases.Sign_InTest@2e005c4b]" started-at="2023-09-11T22:47:53 IST" name="setUp" finished-at="2023-09-11T22:48:01 IST" duration-ms="7871" status="PASS">
          <reporter-output>
          </reporter-output>
        </test-method> <!-- setUp -->
        <test-method is-config="true" signature="SignIn()[pri:0, instance:com.qe.project.testcases.Sign_InTest@2e005c4b]" started-at="2023-09-11T22:48:01 IST" name="SignIn" finished-at="2023-09-11T22:48:01 IST" duration-ms="65" status="PASS">
          <reporter-output>
          </reporter-output>
        </test-method> <!-- SignIn -->
        <test-method signature="loginTest()[pri:1, instance:com.qe.project.testcases.Sign_InTest@2e005c4b]" started-at="2023-09-11T22:48:01 IST" name="loginTest" finished-at="2023-09-11T22:48:05 IST" duration-ms="3571" status="PASS">
          <reporter-output>
            <line>
              <![CDATA[Logined succussfully]]>
            </line>
          </reporter-output>
        </test-method> <!-- loginTest -->
        <test-method is-config="true" signature="tearDown()[pri:0, instance:com.qe.project.testcases.Sign_InTest@2e005c4b]" started-at="2023-09-11T22:50:25 IST" name="tearDown" finished-at="2023-09-11T22:50:25 IST" duration-ms="1" status="PASS">
          <reporter-output>
          </reporter-output>
        </test-method> <!-- tearDown -->
      </class> <!-- com.qe.project.testcases.Sign_InTest -->
      <class name="com.qe.project.testcases.Logout_InTest">
        <test-method is-config="true" signature="Logout()[pri:0, instance:com.qe.project.testcases.Logout_InTest@3e58a80e]" started-at="2023-09-11T22:50:23 IST" name="Logout" finished-at="2023-09-11T22:50:23 IST" duration-ms="4" status="PASS">
          <reporter-output>
          </reporter-output>
        </test-method> <!-- Logout -->
        <test-method signature="logout()[pri:14, instance:com.qe.project.testcases.Logout_InTest@3e58a80e]" started-at="2023-09-11T22:50:23 IST" name="logout" finished-at="2023-09-11T22:50:23 IST" duration-ms="324" status="PASS">
          <reporter-output>
          </reporter-output>
        </test-method> <!-- logout -->
        <test-method is-config="true" signature="Logout()[pri:0, instance:com.qe.project.testcases.Logout_InTest@3e58a80e]" started-at="2023-09-11T22:50:23 IST" name="Logout" finished-at="2023-09-11T22:50:23 IST" duration-ms="0" status="PASS">
          <reporter-output>
          </reporter-output>
        </test-method> <!-- Logout -->
        <test-method signature="Logout_Test()[pri:15, instance:com.qe.project.testcases.Logout_InTest@3e58a80e]" started-at="2023-09-11T22:50:23 IST" name="Logout_Test" finished-at="2023-09-11T22:50:24 IST" duration-ms="996" status="PASS">
          <reporter-output>
          </reporter-output>
        </test-method> <!-- Logout_Test -->
      </class> <!-- com.qe.project.testcases.Logout_InTest -->
      <class name="com.qe.project.testcases.warehouseBCL_Test">
        <test-method is-config="true" signature="dispositonBCL()[pri:0, instance:com.qe.project.testcases.warehouseBCL_Test@a514af7]" started-at="2023-09-11T22:48:01 IST" name="dispositonBCL" finished-at="2023-09-11T22:48:01 IST" duration-ms="42" status="PASS">
          <reporter-output>
          </reporter-output>
        </test-method> <!-- dispositonBCL -->
        <test-method signature="clickOnDispositionlinkTest()[pri:1, instance:com.qe.project.testcases.warehouseBCL_Test@a514af7]" started-at="2023-09-11T22:48:05 IST" name="clickOnDispositionlinkTest" finished-at="2023-09-11T22:48:10 IST" duration-ms="5181" status="PASS">
          <reporter-output>
          </reporter-output>
        </test-method> <!-- clickOnDispositionlinkTest -->
        <test-method signature="clickBCL()[pri:2, instance:com.qe.project.testcases.warehouseBCL_Test@a514af7]" started-at="2023-09-11T22:48:10 IST" name="clickBCL" finished-at="2023-09-11T22:48:15 IST" duration-ms="4766" status="PASS">
          <reporter-output>
          </reporter-output>
        </test-method> <!-- clickBCL -->
        <test-method signature="brandCallLogFilter()[pri:3, instance:com.qe.project.testcases.warehouseBCL_Test@a514af7]" started-at="2023-09-11T22:48:15 IST" name="brandCallLogFilter" finished-at="2023-09-11T22:48:16 IST" duration-ms="1128" status="PASS">
          <reporter-output>
          </reporter-output>
        </test-method> <!-- brandCallLogFilter -->
        <test-method signature="brandFieldFilter()[pri:4, instance:com.qe.project.testcases.warehouseBCL_Test@a514af7]" started-at="2023-09-11T22:48:16 IST" name="brandFieldFilter" finished-at="2023-09-11T22:48:21 IST" duration-ms="4681" status="PASS">
          <reporter-output>
          </reporter-output>
        </test-method> <!-- brandFieldFilter -->
        <test-method signature="brandApplyFilter()[pri:5, instance:com.qe.project.testcases.warehouseBCL_Test@a514af7]" started-at="2023-09-11T22:48:21 IST" name="brandApplyFilter" finished-at="2023-09-11T22:48:23 IST" duration-ms="2300" status="PASS">
          <reporter-output>
          </reporter-output>
        </test-method> <!-- brandApplyFilter -->
        <test-method signature="selectBCLItem()[pri:6, instance:com.qe.project.testcases.warehouseBCL_Test@a514af7]" started-at="2023-09-11T22:48:23 IST" name="selectBCLItem" finished-at="2023-09-11T22:48:24 IST" duration-ms="1137" status="PASS">
          <reporter-output>
          </reporter-output>
        </test-method> <!-- selectBCLItem -->
        <test-method signature="clickBCLUpdate()[pri:7, instance:com.qe.project.testcases.warehouseBCL_Test@a514af7]" started-at="2023-09-11T22:48:24 IST" name="clickBCLUpdate" finished-at="2023-09-11T22:48:26 IST" duration-ms="2151" status="PASS">
          <reporter-output>
          </reporter-output>
        </test-method> <!-- clickBCLUpdate -->
        <test-method signature="BCLSelcetData1()[pri:8, instance:com.qe.project.testcases.warehouseBCL_Test@a514af7]" started-at="2023-09-11T22:48:26 IST" name="BCLSelcetData1" finished-at="2023-09-11T22:48:27 IST" duration-ms="388" status="PASS">
          <reporter-output>
          </reporter-output>
        </test-method> <!-- BCLSelcetData1 -->
        <test-method signature="parchaseInvoice()[pri:9, instance:com.qe.project.testcases.warehouseBCL_Test@a514af7]" started-at="2023-09-11T22:48:27 IST" name="parchaseInvoice" finished-at="2023-09-11T22:48:28 IST" duration-ms="1204" status="PASS">
          <reporter-output>
          </reporter-output>
        </test-method> <!-- parchaseInvoice -->
        <test-method signature="parchaseUpdate()[pri:10, instance:com.qe.project.testcases.warehouseBCL_Test@a514af7]" started-at="2023-09-11T22:48:28 IST" name="parchaseUpdate" finished-at="2023-09-11T22:48:29 IST" duration-ms="1379" status="PASS">
          <reporter-output>
          </reporter-output>
        </test-method> <!-- parchaseUpdate -->
        <test-method signature="addDataField()[pri:11, instance:com.qe.project.testcases.warehouseBCL_Test@a514af7]" started-at="2023-09-11T22:48:29 IST" name="addDataField" finished-at="2023-09-11T22:48:29 IST" duration-ms="172" status="PASS">
          <reporter-output>
          </reporter-output>
        </test-method> <!-- addDataField -->
        <test-method signature="selectData2()[pri:12, instance:com.qe.project.testcases.warehouseBCL_Test@a514af7]" started-at="2023-09-11T22:48:29 IST" name="selectData2" finished-at="2023-09-11T22:48:30 IST" duration-ms="272" status="PASS">
          <reporter-output>
          </reporter-output>
        </test-method> <!-- selectData2 -->
        <test-method signature="damageCertificate()[pri:13, instance:com.qe.project.testcases.warehouseBCL_Test@a514af7]" started-at="2023-09-11T22:48:30 IST" name="damageCertificate" finished-at="2023-09-11T22:48:30 IST" duration-ms="157" status="PASS">
          <reporter-output>
          </reporter-output>
        </test-method> <!-- damageCertificate -->
        <test-method signature="damageUpload1()[pri:14, instance:com.qe.project.testcases.warehouseBCL_Test@a514af7]" started-at="2023-09-11T22:48:30 IST" name="damageUpload1" finished-at="2023-09-11T22:48:37 IST" duration-ms="7352" status="PASS">
          <reporter-output>
          </reporter-output>
        </test-method> <!-- damageUpload1 -->
        <test-method signature="submitFirst()[pri:16, instance:com.qe.project.testcases.warehouseBCL_Test@a514af7]" started-at="2023-09-11T22:48:37 IST" name="submitFirst" finished-at="2023-09-11T22:48:41 IST" duration-ms="4255" status="PASS">
          <reporter-output>
          </reporter-output>
        </test-method> <!-- submitFirst -->
        <test-method signature="pendingInformationOK()[pri:17, instance:com.qe.project.testcases.warehouseBCL_Test@a514af7]" started-at="2023-09-11T22:48:41 IST" name="pendingInformationOK" finished-at="2023-09-11T22:48:43 IST" duration-ms="1163" status="PASS">
          <reporter-output>
          </reporter-output>
        </test-method> <!-- pendingInformationOK -->
        <test-method signature="pendingBclTickets()[pri:18, instance:com.qe.project.testcases.warehouseBCL_Test@a514af7]" started-at="2023-09-11T22:48:43 IST" name="pendingBclTickets" finished-at="2023-09-11T22:48:43 IST" duration-ms="192" status="PASS">
          <reporter-output>
          </reporter-output>
        </test-method> <!-- pendingBclTickets -->
        <test-method signature="selectBclTickets()[pri:19, instance:com.qe.project.testcases.warehouseBCL_Test@a514af7]" started-at="2023-09-11T22:48:43 IST" name="selectBclTickets" finished-at="2023-09-11T22:48:43 IST" duration-ms="379" status="PASS">
          <reporter-output>
          </reporter-output>
        </test-method> <!-- selectBclTickets -->
        <test-method signature="updateBclTickets()[pri:20, instance:com.qe.project.testcases.warehouseBCL_Test@a514af7]" started-at="2023-09-11T22:48:43 IST" name="updateBclTickets" finished-at="2023-09-11T22:48:43 IST" duration-ms="182" status="PASS">
          <reporter-output>
          </reporter-output>
        </test-method> <!-- updateBclTickets -->
        <test-method signature="ticketNoBclTickets()[pri:21, instance:com.qe.project.testcases.warehouseBCL_Test@a514af7]" started-at="2023-09-11T22:48:43 IST" name="ticketNoBclTickets" finished-at="2023-09-11T22:48:45 IST" duration-ms="1303" status="PASS">
          <reporter-output>
          </reporter-output>
        </test-method> <!-- ticketNoBclTickets -->
        <test-method signature="ticketDateBclTickets()[pri:22, instance:com.qe.project.testcases.warehouseBCL_Test@a514af7]" started-at="2023-09-11T22:48:45 IST" name="ticketDateBclTickets" finished-at="2023-09-11T22:48:46 IST" duration-ms="1211" status="PASS">
          <reporter-output>
          </reporter-output>
        </test-method> <!-- ticketDateBclTickets -->
        <test-method signature="selectCalendorBclTickets()[pri:23, instance:com.qe.project.testcases.warehouseBCL_Test@a514af7]" started-at="2023-09-11T22:48:46 IST" name="selectCalendorBclTickets" finished-at="2023-09-11T22:48:47 IST" duration-ms="1142" status="PASS">
          <reporter-output>
          </reporter-output>
        </test-method> <!-- selectCalendorBclTickets -->
        <test-method signature="calendorOkBclTickets()[pri:24, instance:com.qe.project.testcases.warehouseBCL_Test@a514af7]" started-at="2023-09-11T22:48:47 IST" name="calendorOkBclTickets" finished-at="2023-09-11T22:48:48 IST" duration-ms="1127" status="PASS">
          <reporter-output>
          </reporter-output>
        </test-method> <!-- calendorOkBclTickets -->
        <test-method signature="submitBclTickets()[pri:25, instance:com.qe.project.testcases.warehouseBCL_Test@a514af7]" started-at="2023-09-11T22:48:48 IST" name="submitBclTickets" finished-at="2023-09-11T22:48:48 IST" duration-ms="168" status="PASS">
          <reporter-output>
          </reporter-output>
        </test-method> <!-- submitBclTickets -->
        <test-method signature="submitBCLTicketsOkbutton()[pri:26, instance:com.qe.project.testcases.warehouseBCL_Test@a514af7]" started-at="2023-09-11T22:48:48 IST" name="submitBCLTicketsOkbutton" finished-at="2023-09-11T22:48:50 IST" duration-ms="2071" status="PASS">
          <reporter-output>
          </reporter-output>
        </test-method> <!-- submitBCLTicketsOkbutton -->
        <test-method signature="pendingInspection1()[pri:27, instance:com.qe.project.testcases.warehouseBCL_Test@a514af7]" started-at="2023-09-11T22:48:50 IST" name="pendingInspection1" finished-at="2023-09-11T22:48:51 IST" duration-ms="1146" status="PASS">
          <reporter-output>
          </reporter-output>
        </test-method> <!-- pendingInspection1 -->
        <test-method signature="selectInspection()[pri:28, instance:com.qe.project.testcases.warehouseBCL_Test@a514af7]" started-at="2023-09-11T22:48:51 IST" name="selectInspection" finished-at="2023-09-11T22:48:52 IST" duration-ms="204" status="PASS">
          <reporter-output>
          </reporter-output>
        </test-method> <!-- selectInspection -->
        <test-method signature="updateInspection()[pri:29, instance:com.qe.project.testcases.warehouseBCL_Test@a514af7]" started-at="2023-09-11T22:48:52 IST" name="updateInspection" finished-at="2023-09-11T22:48:53 IST" duration-ms="1127" status="PASS">
          <reporter-output>
          </reporter-output>
        </test-method> <!-- updateInspection -->
        <test-method signature="brandInspectionDate1()[pri:30, instance:com.qe.project.testcases.warehouseBCL_Test@a514af7]" started-at="2023-09-11T22:48:53 IST" name="brandInspectionDate1" finished-at="2023-09-11T22:48:54 IST" duration-ms="1173" status="PASS">
          <reporter-output>
          </reporter-output>
        </test-method> <!-- brandInspectionDate1 -->
        <test-method signature="brandDatecalendorInpsection()[pri:31, instance:com.qe.project.testcases.warehouseBCL_Test@a514af7]" started-at="2023-09-11T22:48:54 IST" name="brandDatecalendorInpsection" finished-at="2023-09-11T22:48:55 IST" duration-ms="1179" status="PASS">
          <reporter-output>
          </reporter-output>
        </test-method> <!-- brandDatecalendorInpsection -->
        <test-method signature="brandDateOkInspection()[pri:32, instance:com.qe.project.testcases.warehouseBCL_Test@a514af7]" started-at="2023-09-11T22:48:55 IST" name="brandDateOkInspection" finished-at="2023-09-11T22:48:57 IST" duration-ms="2139" status="PASS">
          <reporter-output>
          </reporter-output>
        </test-method> <!-- brandDateOkInspection -->
        <test-method signature="brandInspectionReport()[pri:33, instance:com.qe.project.testcases.warehouseBCL_Test@a514af7]" started-at="2023-09-11T22:48:57 IST" name="brandInspectionReport" finished-at="2023-09-11T22:49:06 IST" duration-ms="9112" status="PASS">
          <reporter-output>
          </reporter-output>
        </test-method> <!-- brandInspectionReport -->
        <test-method signature="submitBrandInspection()[pri:34, instance:com.qe.project.testcases.warehouseBCL_Test@a514af7]" started-at="2023-09-11T22:49:06 IST" name="submitBrandInspection" finished-at="2023-09-11T22:49:08 IST" duration-ms="1131" status="PASS">
          <reporter-output>
          </reporter-output>
        </test-method> <!-- submitBrandInspection -->
        <test-method signature="brandInspectionOkbutton()[pri:35, instance:com.qe.project.testcases.warehouseBCL_Test@a514af7]" started-at="2023-09-11T22:49:08 IST" name="brandInspectionOkbutton" finished-at="2023-09-11T22:49:09 IST" duration-ms="1325" status="PASS">
          <reporter-output>
          </reporter-output>
        </test-method> <!-- brandInspectionOkbutton -->
        <test-method signature="pendingDecision()[pri:36, instance:com.qe.project.testcases.warehouseBCL_Test@a514af7]" started-at="2023-09-11T22:49:09 IST" name="pendingDecision" finished-at="2023-09-11T22:49:11 IST" duration-ms="2202" status="PASS">
          <reporter-output>
          </reporter-output>
        </test-method> <!-- pendingDecision -->
        <test-method signature="selectPendingDecision()[pri:37, instance:com.qe.project.testcases.warehouseBCL_Test@a514af7]" started-at="2023-09-11T22:49:11 IST" name="selectPendingDecision" finished-at="2023-09-11T22:49:11 IST" duration-ms="132" status="PASS">
          <reporter-output>
          </reporter-output>
        </test-method> <!-- selectPendingDecision -->
        <test-method signature="updatePendingDecision()[pri:38, instance:com.qe.project.testcases.warehouseBCL_Test@a514af7]" started-at="2023-09-11T22:49:11 IST" name="updatePendingDecision" finished-at="2023-09-11T22:49:13 IST" duration-ms="2123" status="PASS">
          <reporter-output>
          </reporter-output>
        </test-method> <!-- updatePendingDecision -->
        <test-method signature="brandDecision()[pri:39, instance:com.qe.project.testcases.warehouseBCL_Test@a514af7]" started-at="2023-09-11T22:49:13 IST" name="brandDecision" finished-at="2023-09-11T22:49:15 IST" duration-ms="1180" status="PASS">
          <reporter-output>
          </reporter-output>
        </test-method> <!-- brandDecision -->
        <test-method signature="brandDecisionRTV()[pri:40, instance:com.qe.project.testcases.warehouseBCL_Test@a514af7]" started-at="2023-09-11T22:49:15 IST" name="brandDecisionRTV" finished-at="2023-09-11T22:49:15 IST" duration-ms="162" status="PASS">
          <reporter-output>
          </reporter-output>
        </test-method> <!-- brandDecisionRTV -->
        <test-method signature="brandApprovalReferanceNo()[pri:41, instance:com.qe.project.testcases.warehouseBCL_Test@a514af7]" started-at="2023-09-11T22:49:15 IST" name="brandApprovalReferanceNo" finished-at="2023-09-11T22:49:16 IST" duration-ms="1339" status="PASS">
          <reporter-output>
          </reporter-output>
        </test-method> <!-- brandApprovalReferanceNo -->
        <test-method signature="brandDecisionCreditNo()[pri:42, instance:com.qe.project.testcases.warehouseBCL_Test@a514af7]" started-at="2023-09-11T22:49:16 IST" name="brandDecisionCreditNo" finished-at="2023-09-11T22:49:18 IST" duration-ms="2322" status="PASS">
          <reporter-output>
          </reporter-output>
        </test-method> <!-- brandDecisionCreditNo -->
        <test-method signature="decisionCreditNoteAmount()[pri:43, instance:com.qe.project.testcases.warehouseBCL_Test@a514af7]" started-at="2023-09-11T22:49:18 IST" name="decisionCreditNoteAmount" finished-at="2023-09-11T22:49:20 IST" duration-ms="1335" status="PASS">
          <reporter-output>
          </reporter-output>
        </test-method> <!-- decisionCreditNoteAmount -->
        <test-method signature="brandDecisionSubsmit()[pri:44, instance:com.qe.project.testcases.warehouseBCL_Test@a514af7]" started-at="2023-09-11T22:49:20 IST" name="brandDecisionSubsmit" finished-at="2023-09-11T22:49:20 IST" duration-ms="109" status="PASS">
          <reporter-output>
          </reporter-output>
        </test-method> <!-- brandDecisionSubsmit -->
        <test-method signature="brandDecisionOkbutton()[pri:45, instance:com.qe.project.testcases.warehouseBCL_Test@a514af7]" started-at="2023-09-11T22:49:20 IST" name="brandDecisionOkbutton" finished-at="2023-09-11T22:49:22 IST" duration-ms="2387" status="PASS">
          <reporter-output>
          </reporter-output>
        </test-method> <!-- brandDecisionOkbutton -->
        <test-method signature="clickOnDispositionlinkTest1()[pri:46, instance:com.qe.project.testcases.warehouseBCL_Test@a514af7]" started-at="2023-09-11T22:49:22 IST" name="clickOnDispositionlinkTest1" finished-at="2023-09-11T22:49:22 IST" duration-ms="155" status="PASS">
          <reporter-output>
          </reporter-output>
        </test-method> <!-- clickOnDispositionlinkTest1 -->
      </class> <!-- com.qe.project.testcases.warehouseBCL_Test -->
      <class name="com.qe.project.testcases.warehouseRTV_Test">
        <test-method is-config="true" signature="disposition1()[pri:0, instance:com.qe.project.testcases.warehouseRTV_Test@6b927fb]" started-at="2023-09-11T22:48:01 IST" name="disposition1" finished-at="2023-09-11T22:48:01 IST" duration-ms="6" status="PASS">
          <reporter-output>
          </reporter-output>
        </test-method> <!-- disposition1 -->
        <test-method signature="clickOnRTV()[pri:47, instance:com.qe.project.testcases.warehouseRTV_Test@6b927fb]" started-at="2023-09-11T22:49:22 IST" name="clickOnRTV" finished-at="2023-09-11T22:49:27 IST" duration-ms="4942" status="PASS">
          <reporter-output>
          </reporter-output>
        </test-method> <!-- clickOnRTV -->
        <test-method signature="clickOnselect()[pri:48, instance:com.qe.project.testcases.warehouseRTV_Test@6b927fb]" started-at="2023-09-11T22:49:27 IST" name="clickOnselect" finished-at="2023-09-11T22:49:28 IST" duration-ms="675" status="PASS">
          <reporter-output>
          </reporter-output>
        </test-method> <!-- clickOnselect -->
        <test-method signature="clickOnupdate()[pri:49, instance:com.qe.project.testcases.warehouseRTV_Test@6b927fb]" started-at="2023-09-11T22:49:28 IST" name="clickOnupdate" finished-at="2023-09-11T22:49:28 IST" duration-ms="197" status="PASS">
          <reporter-output>
          </reporter-output>
        </test-method> <!-- clickOnupdate -->
        <test-method signature="clickOnreturndate()[pri:50, instance:com.qe.project.testcases.warehouseRTV_Test@6b927fb]" started-at="2023-09-11T22:49:28 IST" name="clickOnreturndate" finished-at="2023-09-11T22:49:29 IST" duration-ms="1206" status="PASS">
          <reporter-output>
          </reporter-output>
        </test-method> <!-- clickOnreturndate -->
        <test-method signature="clickOnselectdata()[pri:51, instance:com.qe.project.testcases.warehouseRTV_Test@6b927fb]" started-at="2023-09-11T22:49:29 IST" name="clickOnselectdata" finished-at="2023-09-11T22:49:31 IST" duration-ms="1122" status="PASS">
          <reporter-output>
          </reporter-output>
        </test-method> <!-- clickOnselectdata -->
        <test-method signature="clickOnOK()[pri:52, instance:com.qe.project.testcases.warehouseRTV_Test@6b927fb]" started-at="2023-09-11T22:49:31 IST" name="clickOnOK" finished-at="2023-09-11T22:49:31 IST" duration-ms="133" status="PASS">
          <reporter-output>
          </reporter-output>
        </test-method> <!-- clickOnOK -->
        <test-method signature="clickreturnmethod()[pri:53, instance:com.qe.project.testcases.warehouseRTV_Test@6b927fb]" started-at="2023-09-11T22:49:31 IST" name="clickreturnmethod" finished-at="2023-09-11T22:49:31 IST" duration-ms="162" status="PASS">
          <reporter-output>
          </reporter-output>
        </test-method> <!-- clickreturnmethod -->
        <test-method signature="clickOndispatch()[pri:54, instance:com.qe.project.testcases.warehouseRTV_Test@6b927fb]" started-at="2023-09-11T22:49:31 IST" name="clickOndispatch" finished-at="2023-09-11T22:49:31 IST" duration-ms="151" status="PASS">
          <reporter-output>
          </reporter-output>
        </test-method> <!-- clickOndispatch -->
        <test-method signature="clickdocumenttype()[pri:55, instance:com.qe.project.testcases.warehouseRTV_Test@6b927fb]" started-at="2023-09-11T22:49:31 IST" name="clickdocumenttype" finished-at="2023-09-11T22:49:31 IST" duration-ms="151" status="PASS">
          <reporter-output>
          </reporter-output>
        </test-method> <!-- clickdocumenttype -->
        <test-method signature="clickInvoice()[pri:56, instance:com.qe.project.testcases.warehouseRTV_Test@6b927fb]" started-at="2023-09-11T22:49:31 IST" name="clickInvoice" finished-at="2023-09-11T22:49:32 IST" duration-ms="1219" status="PASS">
          <reporter-output>
          </reporter-output>
        </test-method> <!-- clickInvoice -->
        <test-method signature="clicksubmit()[pri:57, instance:com.qe.project.testcases.warehouseRTV_Test@6b927fb]" started-at="2023-09-11T22:49:32 IST" name="clicksubmit" finished-at="2023-09-11T22:49:33 IST" duration-ms="243" status="PASS">
          <reporter-output>
          </reporter-output>
        </test-method> <!-- clicksubmit -->
        <test-method signature="clickSubmitOK()[pri:58, instance:com.qe.project.testcases.warehouseRTV_Test@6b927fb]" started-at="2023-09-11T22:49:33 IST" name="clickSubmitOK" finished-at="2023-09-11T22:50:23 IST" duration-ms="50104" status="FAIL">
          <exception class="org.openqa.selenium.NoSuchElementException">
            <message>
              <![CDATA[no such element: Unable to locate element: {"method":"xpath","selector":"//span[text()='Ok']"}
  (Session info: chrome=116.0.5845.180)
For documentation on this error, please visit: https://www.seleniumhq.org/exceptions/no_such_element.html
Build info: version: '3.141.59', revision: 'e82be7d358', time: '2018-11-14T08:25:53'
System info: host: 'DESKTOP-RVJV18D', ip: '192.168.0.115', os.name: 'Windows 10', os.arch: 'amd64', os.version: '10.0', java.version: '19.0.1'
Driver info: org.openqa.selenium.chrome.ChromeDriver
Capabilities {acceptInsecureCerts: false, browserName: chrome, browserVersion: 116.0.5845.180, chrome: {chromedriverVersion: 115.0.5790.102 (90efd4b0ad6..., userDataDir: C:\Users\Blubirch\AppData\L...}, goog:chromeOptions: {debuggerAddress: localhost:61128}, javascriptEnabled: true, networkConnectionEnabled: false, pageLoadStrategy: normal, platform: WINDOWS, platformName: WINDOWS, proxy: Proxy(), setWindowRect: true, strictFileInteractability: false, timeouts: {implicit: 0, pageLoad: 300000, script: 30000}, unhandledPromptBehavior: dismiss and notify, webauthn:extension:credBlob: true, webauthn:extension:largeBlob: true, webauthn:extension:minPinLength: true, webauthn:extension:prf: true, webauthn:virtualAuthenticators: true}
Session ID: 4ad5838214e41aa81bd30aa0f5300179
*** Element info: {Using=xpath, value=//span[text()='Ok']}]]>
            </message>
            <full-stacktrace>
              <![CDATA[org.openqa.selenium.NoSuchElementException: no such element: Unable to locate element: {"method":"xpath","selector":"//span[text()='Ok']"}
  (Session info: chrome=116.0.5845.180)
For documentation on this error, please visit: https://www.seleniumhq.org/exceptions/no_such_element.html
Build info: version: '3.141.59', revision: 'e82be7d358', time: '2018-11-14T08:25:53'
System info: host: 'DESKTOP-RVJV18D', ip: '192.168.0.115', os.name: 'Windows 10', os.arch: 'amd64', os.version: '10.0', java.version: '19.0.1'
Driver info: org.openqa.selenium.chrome.ChromeDriver
Capabilities {acceptInsecureCerts: false, browserName: chrome, browserVersion: 116.0.5845.180, chrome: {chromedriverVersion: 115.0.5790.102 (90efd4b0ad6..., userDataDir: C:\Users\Blubirch\AppData\L...}, goog:chromeOptions: {debuggerAddress: localhost:61128}, javascriptEnabled: true, networkConnectionEnabled: false, pageLoadStrategy: normal, platform: WINDOWS, platformName: WINDOWS, proxy: Proxy(), setWindowRect: true, strictFileInteractability: false, timeouts: {implicit: 0, pageLoad: 300000, script: 30000}, unhandledPromptBehavior: dismiss and notify, webauthn:extension:credBlob: true, webauthn:extension:largeBlob: true, webauthn:extension:minPinLength: true, webauthn:extension:prf: true, webauthn:virtualAuthenticators: true}
Session ID: 4ad5838214e41aa81bd30aa0f5300179
*** Element info: {Using=xpath, value=//span[text()='Ok']}
at java.base/jdk.internal.reflect.DirectConstructorHandleAccessor.newInstance(DirectConstructorHandleAccessor.java:67)
at java.base/java.lang.reflect.Constructor.newInstanceWithCaller(Constructor.java:500)
at java.base/java.lang.reflect.Constructor.newInstance(Constructor.java:484)
at org.openqa.selenium.remote.http.W3CHttpResponseCodec.createException(W3CHttpResponseCodec.java:187)
at org.openqa.selenium.remote.http.W3CHttpResponseCodec.decode(W3CHttpResponseCodec.java:122)
at org.openqa.selenium.remote.http.W3CHttpResponseCodec.decode(W3CHttpResponseCodec.java:49)
at org.openqa.selenium.remote.HttpCommandExecutor.execute(HttpCommandExecutor.java:158)
at org.openqa.selenium.remote.service.DriverCommandExecutor.execute(DriverCommandExecutor.java:83)
at org.openqa.selenium.remote.RemoteWebDriver.execute(RemoteWebDriver.java:552)
at org.openqa.selenium.remote.RemoteWebDriver.findElement(RemoteWebDriver.java:323)
at org.openqa.selenium.remote.RemoteWebDriver.findElementByXPath(RemoteWebDriver.java:428)
at org.openqa.selenium.By$ByXPath.findElement(By.java:353)
at org.openqa.selenium.remote.RemoteWebDriver.findElement(RemoteWebDriver.java:315)
at org.openqa.selenium.support.pagefactory.DefaultElementLocator.findElement(DefaultElementLocator.java:69)
at org.openqa.selenium.support.pagefactory.internal.LocatingElementHandler.invoke(LocatingElementHandler.java:38)
at jdk.proxy2/jdk.proxy2.$Proxy15.click(Unknown Source)
at com.qe.project.pages.warehouseRTV.submitOkbutton(warehouseRTV.java:236)
at com.qe.project.testcases.warehouseRTV_Test.clickSubmitOK(warehouseRTV_Test.java:152)
at java.base/jdk.internal.reflect.DirectMethodHandleAccessor.invoke(DirectMethodHandleAccessor.java:104)
at java.base/java.lang.reflect.Method.invoke(Method.java:578)
at org.testng.internal.MethodInvocationHelper.invokeMethod(MethodInvocationHelper.java:133)
at org.testng.internal.TestInvoker.invokeMethod(TestInvoker.java:598)
at org.testng.internal.TestInvoker.invokeTestMethod(TestInvoker.java:173)
at org.testng.internal.MethodRunner.runInSequence(MethodRunner.java:46)
at org.testng.internal.TestInvoker$MethodInvocationAgent.invoke(TestInvoker.java:824)
at org.testng.internal.TestInvoker.invokeTestMethods(TestInvoker.java:146)
at org.testng.internal.TestMethodWorker.invokeTestMethods(TestMethodWorker.java:146)
at org.testng.internal.TestMethodWorker.run(TestMethodWorker.java:128)
at java.base/java.util.ArrayList.forEach(ArrayList.java:1511)
at org.testng.TestRunner.privateRun(TestRunner.java:794)
at org.testng.TestRunner.run(TestRunner.java:596)
at org.testng.SuiteRunner.runTest(SuiteRunner.java:377)
at org.testng.SuiteRunner.runSequentially(SuiteRunner.java:371)
at org.testng.SuiteRunner.privateRun(SuiteRunner.java:332)
at org.testng.SuiteRunner.run(SuiteRunner.java:276)
at org.testng.SuiteRunnerWorker.runSuite(SuiteRunnerWorker.java:53)
at org.testng.SuiteRunnerWorker.run(SuiteRunnerWorker.java:96)
at org.testng.TestNG.runSuitesSequentially(TestNG.java:1212)
at org.testng.TestNG.runSuitesLocally(TestNG.java:1134)
at org.testng.TestNG.runSuites(TestNG.java:1063)
at org.testng.TestNG.run(TestNG.java:1031)
at org.testng.remote.AbstractRemoteTestNG.run(AbstractRemoteTestNG.java:115)
at org.testng.remote.RemoteTestNG.initAndRun(RemoteTestNG.java:251)
at org.testng.remote.RemoteTestNG.main(RemoteTestNG.java:77)
]]>
            </full-stacktrace>
          </exception> <!-- org.openqa.selenium.NoSuchElementException -->
          <reporter-output>
          </reporter-output>
        </test-method> <!-- clickSubmitOK -->
        <test-method is-config="true" signature="tearDown()[pri:0, instance:com.qe.project.testcases.warehouseRTV_Test@6b927fb]" started-at="2023-09-11T22:50:25 IST" name="tearDown" finished-at="2023-09-11T22:50:25 IST" duration-ms="406" status="PASS">
          <reporter-output>
          </reporter-output>
        </test-method> <!-- tearDown -->
      </class> <!-- com.qe.project.testcases.warehouseRTV_Test -->
    </test> <!-- Test -->
  </suite> <!-- Suite -->
</testng-results>
